<?xml version="1.0" encoding="UTF-8"?>
<Site BuildName="Linux-c++"
	BuildStamp="20251230-1620-Experimental"
	Name="dimitri"
	Generator="ctest-3.28.3"
	CompilerName="/usr/bin/c++"
	CompilerVersion="13.3.0"
	OSName="Linux"
	Hostname="dimitri"
	OSRelease="6.6.87.2-microsoft-standard-WSL2"
	OSVersion="#1 SMP PREEMPT_DYNAMIC Thu Jun  5 18:30:46 UTC 2025"
	OSPlatform="x86_64"
	Is64Bits="1"
	VendorString="GenuineIntel"
	VendorID="Intel Corporation"
	FamilyID="6"
	ModelID="186"
	ProcessorCacheSize="24576"
	NumberOfLogicalCPU="20"
	NumberOfPhysicalCPU="10"
	TotalVirtualMemory="2048"
	TotalPhysicalMemory="7761"
	LogicalProcessorsPerPhysical="2"
	ProcessorClockFrequency="2918.4"
	>
	<Testing>
		<StartDateTime>Dec 30 17:20 CET</StartDateTime>
		<StartTestTime>1767111631</StartTestTime>
		<TestList/>
		<EndDateTime>Dec 30 17:20 CET</EndDateTime>
		<EndTestTime>1767111631</EndTestTime>
		<ElapsedMinutes>0</ElapsedMinutes>
	</Testing>
</Site>
